<?xml version="1.0" encoding="UTF-8"?>
<testsuites>
  <testsuite name="/Users/freek/dev/code/phpunit-snapshot-assertions/phpunit.xml.dist" tests="82" assertions="207" errors="0" failures="0" skipped="0" time="0.838231">
    <testsuite name="Integration" tests="41" assertions="135" errors="0" failures="0" skipped="0" time="0.041359">
      <testsuite name="Spatie\Snapshots\Test\Integration\AssertionTest" file="/Users/freek/dev/code/phpunit-snapshot-assertions/tests/Integration/AssertionTest.php" tests="8" assertions="13" errors="0" failures="0" skipped="0" time="0.007415">
        <testcase name="can_match_a_string_snapshot" file="/Users/freek/dev/code/phpunit-snapshot-assertions/tests/Integration/AssertionTest.php" line="21" class="Spatie\Snapshots\Test\Integration\AssertionTest" classname="Spatie.Snapshots.Test.Integration.AssertionTest" assertions="1" time="0.003316"/>
        <testcase name="can_match_an_html_snapshot" file="/Users/freek/dev/code/phpunit-snapshot-assertions/tests/Integration/AssertionTest.php" line="29" class="Spatie\Snapshots\Test\Integration\AssertionTest" classname="Spatie.Snapshots.Test.Integration.AssertionTest" assertions="1" time="0.001149"/>
        <testcase name="can_match_an_xml_snapshot" file="/Users/freek/dev/code/phpunit-snapshot-assertions/tests/Integration/AssertionTest.php" line="37" class="Spatie\Snapshots\Test\Integration\AssertionTest" classname="Spatie.Snapshots.Test.Integration.AssertionTest" assertions="1" time="0.000729"/>
        <testcase name="can_match_a_json_snapshot" file="/Users/freek/dev/code/phpunit-snapshot-assertions/tests/Integration/AssertionTest.php" line="45" class="Spatie\Snapshots\Test\Integration\AssertionTest" classname="Spatie.Snapshots.Test.Integration.AssertionTest" assertions="3" time="0.000951"/>
        <testcase name="can_match_an_array_snapshot" file="/Users/freek/dev/code/phpunit-snapshot-assertions/tests/Integration/AssertionTest.php" line="53" class="Spatie\Snapshots\Test\Integration\AssertionTest" classname="Spatie.Snapshots.Test.Integration.AssertionTest" assertions="3" time="0.000099"/>
        <testcase name="can_match_a_file_hash_snapshot" file="/Users/freek/dev/code/phpunit-snapshot-assertions/tests/Integration/AssertionTest.php" line="61" class="Spatie\Snapshots\Test\Integration\AssertionTest" classname="Spatie.Snapshots.Test.Integration.AssertionTest" assertions="1" time="0.000351"/>
        <testcase name="can_match_a_file_snapshot" file="/Users/freek/dev/code/phpunit-snapshot-assertions/tests/Integration/AssertionTest.php" line="69" class="Spatie\Snapshots\Test\Integration\AssertionTest" classname="Spatie.Snapshots.Test.Integration.AssertionTest" assertions="1" time="0.000650"/>
        <testcase name="can_do_multiple_snapshot_assertions" file="/Users/freek/dev/code/phpunit-snapshot-assertions/tests/Integration/AssertionTest.php" line="77" class="Spatie\Snapshots\Test\Integration\AssertionTest" classname="Spatie.Snapshots.Test.Integration.AssertionTest" assertions="2" time="0.000170"/>
      </testsuite>
      <testsuite name="Spatie\Snapshots\Test\Integration\MatchesSnapshotTest" file="/Users/freek/dev/code/phpunit-snapshot-assertions/tests/Integration/MatchesSnapshotTest.php" tests="33" assertions="122" errors="0" failures="0" skipped="0" time="0.033944">
        <testcase name="it_can_create_a_snapshot_from_a_string" file="/Users/freek/dev/code/phpunit-snapshot-assertions/tests/Integration/MatchesSnapshotTest.php" line="34" class="Spatie\Snapshots\Test\Integration\MatchesSnapshotTest" classname="Spatie.Snapshots.Test.Integration.MatchesSnapshotTest" assertions="6" time="0.007010"/>
        <testcase name="it_can_create_a_snapshot_from_an_array" file="/Users/freek/dev/code/phpunit-snapshot-assertions/tests/Integration/MatchesSnapshotTest.php" line="49" class="Spatie\Snapshots\Test\Integration\MatchesSnapshotTest" classname="Spatie.Snapshots.Test.Integration.MatchesSnapshotTest" assertions="6" time="0.010352"/>
        <testcase name="it_can_create_a_snapshot_from_html" file="/Users/freek/dev/code/phpunit-snapshot-assertions/tests/Integration/MatchesSnapshotTest.php" line="64" class="Spatie\Snapshots\Test\Integration\MatchesSnapshotTest" classname="Spatie.Snapshots.Test.Integration.MatchesSnapshotTest" assertions="6" time="0.000541"/>
        <testcase name="it_can_create_a_snapshot_from_xml" file="/Users/freek/dev/code/phpunit-snapshot-assertions/tests/Integration/MatchesSnapshotTest.php" line="79" class="Spatie\Snapshots\Test\Integration\MatchesSnapshotTest" classname="Spatie.Snapshots.Test.Integration.MatchesSnapshotTest" assertions="6" time="0.000484"/>
        <testcase name="it_can_create_a_snapshot_from_json" file="/Users/freek/dev/code/phpunit-snapshot-assertions/tests/Integration/MatchesSnapshotTest.php" line="94" class="Spatie\Snapshots\Test\Integration\MatchesSnapshotTest" classname="Spatie.Snapshots.Test.Integration.MatchesSnapshotTest" assertions="8" time="0.000389"/>
        <testcase name="it_can_create_a_snapshot_from_a_file" file="/Users/freek/dev/code/phpunit-snapshot-assertions/tests/Integration/MatchesSnapshotTest.php" line="109" class="Spatie\Snapshots\Test\Integration\MatchesSnapshotTest" classname="Spatie.Snapshots.Test.Integration.MatchesSnapshotTest" assertions="5" time="0.000652"/>
        <testcase name="it_can_match_an_existing_string_snapshot" file="/Users/freek/dev/code/phpunit-snapshot-assertions/tests/Integration/MatchesSnapshotTest.php" line="124" class="Spatie\Snapshots\Test\Integration\MatchesSnapshotTest" classname="Spatie.Snapshots.Test.Integration.MatchesSnapshotTest" assertions="1" time="0.000321"/>
        <testcase name="it_can_match_an_existing_html_snapshot" file="/Users/freek/dev/code/phpunit-snapshot-assertions/tests/Integration/MatchesSnapshotTest.php" line="132" class="Spatie\Snapshots\Test\Integration\MatchesSnapshotTest" classname="Spatie.Snapshots.Test.Integration.MatchesSnapshotTest" assertions="1" time="0.000304"/>
        <testcase name="it_can_match_an_existing_xml_snapshot" file="/Users/freek/dev/code/phpunit-snapshot-assertions/tests/Integration/MatchesSnapshotTest.php" line="140" class="Spatie\Snapshots\Test\Integration\MatchesSnapshotTest" classname="Spatie.Snapshots.Test.Integration.MatchesSnapshotTest" assertions="1" time="0.000442"/>
        <testcase name="it_can_match_an_existing_json_snapshot" file="/Users/freek/dev/code/phpunit-snapshot-assertions/tests/Integration/MatchesSnapshotTest.php" line="148" class="Spatie\Snapshots\Test\Integration\MatchesSnapshotTest" classname="Spatie.Snapshots.Test.Integration.MatchesSnapshotTest" assertions="3" time="0.000325"/>
        <testcase name="it_can_match_an_existing_file_hash_snapshot" file="/Users/freek/dev/code/phpunit-snapshot-assertions/tests/Integration/MatchesSnapshotTest.php" line="156" class="Spatie\Snapshots\Test\Integration\MatchesSnapshotTest" classname="Spatie.Snapshots.Test.Integration.MatchesSnapshotTest" assertions="1" time="0.000435"/>
        <testcase name="it_can_mismatch_a_string_snapshot" file="/Users/freek/dev/code/phpunit-snapshot-assertions/tests/Integration/MatchesSnapshotTest.php" line="164" class="Spatie\Snapshots\Test\Integration\MatchesSnapshotTest" classname="Spatie.Snapshots.Test.Integration.MatchesSnapshotTest" assertions="2" time="0.001888"/>
        <testcase name="it_can_mismatch_a_html_snapshot" file="/Users/freek/dev/code/phpunit-snapshot-assertions/tests/Integration/MatchesSnapshotTest.php" line="174" class="Spatie\Snapshots\Test\Integration\MatchesSnapshotTest" classname="Spatie.Snapshots.Test.Integration.MatchesSnapshotTest" assertions="2" time="0.000362"/>
        <testcase name="it_can_mismatch_a_xml_snapshot" file="/Users/freek/dev/code/phpunit-snapshot-assertions/tests/Integration/MatchesSnapshotTest.php" line="184" class="Spatie\Snapshots\Test\Integration\MatchesSnapshotTest" classname="Spatie.Snapshots.Test.Integration.MatchesSnapshotTest" assertions="2" time="0.000344"/>
        <testcase name="it_can_mismatch_a_json_snapshot" file="/Users/freek/dev/code/phpunit-snapshot-assertions/tests/Integration/MatchesSnapshotTest.php" line="194" class="Spatie\Snapshots\Test\Integration\MatchesSnapshotTest" classname="Spatie.Snapshots.Test.Integration.MatchesSnapshotTest" assertions="4" time="0.000342"/>
        <testcase name="it_can_mismatch_a_file_hash_snapshot" file="/Users/freek/dev/code/phpunit-snapshot-assertions/tests/Integration/MatchesSnapshotTest.php" line="204" class="Spatie\Snapshots\Test\Integration\MatchesSnapshotTest" classname="Spatie.Snapshots.Test.Integration.MatchesSnapshotTest" assertions="2" time="0.000390"/>
        <testcase name="it_can_mismatch_a_file_snapshot" file="/Users/freek/dev/code/phpunit-snapshot-assertions/tests/Integration/MatchesSnapshotTest.php" line="214" class="Spatie\Snapshots\Test\Integration\MatchesSnapshotTest" classname="Spatie.Snapshots.Test.Integration.MatchesSnapshotTest" assertions="2" time="0.001092"/>
        <testcase name="it_can_mismatch_a_file_snapshot_with_a_different_extension" file="/Users/freek/dev/code/phpunit-snapshot-assertions/tests/Integration/MatchesSnapshotTest.php" line="227" class="Spatie\Snapshots\Test\Integration\MatchesSnapshotTest" classname="Spatie.Snapshots.Test.Integration.MatchesSnapshotTest" assertions="2" time="0.000349"/>
        <testcase name="it_needs_a_file_extension_to_do_a_file_snapshot_assertion" file="/Users/freek/dev/code/phpunit-snapshot-assertions/tests/Integration/MatchesSnapshotTest.php" line="240" class="Spatie\Snapshots\Test\Integration\MatchesSnapshotTest" classname="Spatie.Snapshots.Test.Integration.MatchesSnapshotTest" assertions="3" time="0.000302"/>
        <testcase name="it_persists_the_failed_file_after_mismatching_a_file_snapshot" file="/Users/freek/dev/code/phpunit-snapshot-assertions/tests/Integration/MatchesSnapshotTest.php" line="258" class="Spatie\Snapshots\Test\Integration\MatchesSnapshotTest" classname="Spatie.Snapshots.Test.Integration.MatchesSnapshotTest" assertions="2" time="0.000416"/>
        <testcase name="it_deletes_the_persisted_failed_file_before_a_file_snapshot_assertion" file="/Users/freek/dev/code/phpunit-snapshot-assertions/tests/Integration/MatchesSnapshotTest.php" line="278" class="Spatie\Snapshots\Test\Integration\MatchesSnapshotTest" classname="Spatie.Snapshots.Test.Integration.MatchesSnapshotTest" assertions="3" time="0.001441"/>
        <testcase name="it_cleans_filenames_on_file_snapshot" file="/Users/freek/dev/code/phpunit-snapshot-assertions/tests/Integration/MatchesSnapshotTest.php" line="296" class="Spatie\Snapshots\Test\Integration\MatchesSnapshotTest" classname="Spatie.Snapshots.Test.Integration.MatchesSnapshotTest" assertions="2" time="0.000620"/>
        <testcase name="it_can_update_a_string_snapshot" file="/Users/freek/dev/code/phpunit-snapshot-assertions/tests/Integration/MatchesSnapshotTest.php" line="313" class="Spatie\Snapshots\Test\Integration\MatchesSnapshotTest" classname="Spatie.Snapshots.Test.Integration.MatchesSnapshotTest" assertions="6" time="0.000467"/>
        <testcase name="it_can_update_a_html_snapshot" file="/Users/freek/dev/code/phpunit-snapshot-assertions/tests/Integration/MatchesSnapshotTest.php" line="330" class="Spatie\Snapshots\Test\Integration\MatchesSnapshotTest" classname="Spatie.Snapshots.Test.Integration.MatchesSnapshotTest" assertions="6" time="0.000432"/>
        <testcase name="it_can_update_a_xml_snapshot" file="/Users/freek/dev/code/phpunit-snapshot-assertions/tests/Integration/MatchesSnapshotTest.php" line="347" class="Spatie\Snapshots\Test\Integration\MatchesSnapshotTest" classname="Spatie.Snapshots.Test.Integration.MatchesSnapshotTest" assertions="6" time="0.000609"/>
        <testcase name="it_can_update_a_json_snapshot" file="/Users/freek/dev/code/phpunit-snapshot-assertions/tests/Integration/MatchesSnapshotTest.php" line="364" class="Spatie\Snapshots\Test\Integration\MatchesSnapshotTest" classname="Spatie.Snapshots.Test.Integration.MatchesSnapshotTest" assertions="8" time="0.000602"/>
        <testcase name="it_can_update_a_file_snapshot" file="/Users/freek/dev/code/phpunit-snapshot-assertions/tests/Integration/MatchesSnapshotTest.php" line="381" class="Spatie\Snapshots\Test\Integration\MatchesSnapshotTest" classname="Spatie.Snapshots.Test.Integration.MatchesSnapshotTest" assertions="5" time="0.000540"/>
        <testcase name="it_can_update_a_file_snapshot_with_a_different_extension" file="/Users/freek/dev/code/phpunit-snapshot-assertions/tests/Integration/MatchesSnapshotTest.php" line="398" class="Spatie\Snapshots\Test\Integration\MatchesSnapshotTest" classname="Spatie.Snapshots.Test.Integration.MatchesSnapshotTest" assertions="7" time="0.000756"/>
        <testcase name="it_can_update_a_snapshot_with_env_var" file="/Users/freek/dev/code/phpunit-snapshot-assertions/tests/Integration/MatchesSnapshotTest.php" line="421" class="Spatie\Snapshots\Test\Integration\MatchesSnapshotTest" classname="Spatie.Snapshots.Test.Integration.MatchesSnapshotTest" assertions="6" time="0.000450"/>
        <testcase name="it_doesnt_create_a_regular_snapshot_and_mismatches_if_asked" file="/Users/freek/dev/code/phpunit-snapshot-assertions/tests/Integration/MatchesSnapshotTest.php" line="509" class="Spatie\Snapshots\Test\Integration\MatchesSnapshotTest" classname="Spatie.Snapshots.Test.Integration.MatchesSnapshotTest" assertions="2" time="0.000273"/>
        <testcase name="it_doesnt_create_a_file_snapshot_and_mismatches_if_asked" file="/Users/freek/dev/code/phpunit-snapshot-assertions/tests/Integration/MatchesSnapshotTest.php" line="525" class="Spatie\Snapshots\Test\Integration\MatchesSnapshotTest" classname="Spatie.Snapshots.Test.Integration.MatchesSnapshotTest" assertions="2" time="0.000410"/>
        <testcase name="it_doesnt_create_a_regular_snapshot_and_mismatches_if_asked_with_env_var" file="/Users/freek/dev/code/phpunit-snapshot-assertions/tests/Integration/MatchesSnapshotTest.php" line="541" class="Spatie\Snapshots\Test\Integration\MatchesSnapshotTest" classname="Spatie.Snapshots.Test.Integration.MatchesSnapshotTest" assertions="2" time="0.000306"/>
        <testcase name="it_doesnt_create_a_file_snapshot_and_mismatches_if_asked_with_env_var" file="/Users/freek/dev/code/phpunit-snapshot-assertions/tests/Integration/MatchesSnapshotTest.php" line="557" class="Spatie\Snapshots\Test\Integration\MatchesSnapshotTest" classname="Spatie.Snapshots.Test.Integration.MatchesSnapshotTest" assertions="2" time="0.000299"/>
      </testsuite>
    </testsuite>
    <testsuite name="Unit" tests="41" assertions="72" errors="0" failures="0" skipped="0" time="0.796872">
      <testsuite name="Spatie\Snapshots\Test\Unit\Drivers\HtmlDriverTest" file="/Users/freek/dev/code/phpunit-snapshot-assertions/tests/Unit/Drivers/HtmlDriverTest.php" tests="5" assertions="5" errors="0" failures="0" skipped="0" time="0.000504">
        <testcase name="it_can_serialize_a_html_string_to_pretty_html" file="/Users/freek/dev/code/phpunit-snapshot-assertions/tests/Unit/Drivers/HtmlDriverTest.php" line="12" class="Spatie\Snapshots\Test\Unit\Drivers\HtmlDriverTest" classname="Spatie.Snapshots.Test.Unit.Drivers.HtmlDriverTest" assertions="1" time="0.000082"/>
        <testcase name="test_for_issue_140" file="/Users/freek/dev/code/phpunit-snapshot-assertions/tests/Unit/Drivers/HtmlDriverTest.php" line="29" class="Spatie\Snapshots\Test\Unit\Drivers\HtmlDriverTest" classname="Spatie.Snapshots.Test.Unit.Drivers.HtmlDriverTest" assertions="1" time="0.000064"/>
        <testcase name="it_can_serialize_a_html_string_without_a_doctype" file="/Users/freek/dev/code/phpunit-snapshot-assertions/tests/Unit/Drivers/HtmlDriverTest.php" line="50" class="Spatie\Snapshots\Test\Unit\Drivers\HtmlDriverTest" classname="Spatie.Snapshots.Test.Unit.Drivers.HtmlDriverTest" assertions="1" time="0.000044"/>
        <testcase name="it_can_only_serialize_strings" file="/Users/freek/dev/code/phpunit-snapshot-assertions/tests/Unit/Drivers/HtmlDriverTest.php" line="66" class="Spatie\Snapshots\Test\Unit\Drivers\HtmlDriverTest" classname="Spatie.Snapshots.Test.Unit.Drivers.HtmlDriverTest" assertions="1" time="0.000271"/>
        <testcase name="it_can_serialize_an_empty_string" file="/Users/freek/dev/code/phpunit-snapshot-assertions/tests/Unit/Drivers/HtmlDriverTest.php" line="76" class="Spatie\Snapshots\Test\Unit\Drivers\HtmlDriverTest" classname="Spatie.Snapshots.Test.Unit.Drivers.HtmlDriverTest" assertions="1" time="0.000043"/>
      </testsuite>
      <testsuite name="Spatie\Snapshots\Test\Unit\Drivers\ImageDriverTest" file="/Users/freek/dev/code/phpunit-snapshot-assertions/tests/Unit/Drivers/ImageDriverTest.php" tests="4" assertions="5" errors="0" failures="0" skipped="0" time="0.792402">
        <testcase name="it_can_serialize_an_image" file="/Users/freek/dev/code/phpunit-snapshot-assertions/tests/Unit/Drivers/ImageDriverTest.php" line="24" class="Spatie\Snapshots\Test\Unit\Drivers\ImageDriverTest" classname="Spatie.Snapshots.Test.Unit.Drivers.ImageDriverTest" assertions="1" time="0.000141"/>
        <testcase name="it_can_determine_that_two_images_are_the_same" file="/Users/freek/dev/code/phpunit-snapshot-assertions/tests/Unit/Drivers/ImageDriverTest.php" line="32" class="Spatie\Snapshots\Test\Unit\Drivers\ImageDriverTest" classname="Spatie.Snapshots.Test.Unit.Drivers.ImageDriverTest" assertions="1" time="0.345305"/>
        <testcase name="it_can_determine_that_two_images_are_not_same" file="/Users/freek/dev/code/phpunit-snapshot-assertions/tests/Unit/Drivers/ImageDriverTest.php" line="43" class="Spatie\Snapshots\Test\Unit\Drivers\ImageDriverTest" classname="Spatie.Snapshots.Test.Unit.Drivers.ImageDriverTest" assertions="2" time="0.226163"/>
        <testcase name="it_will_determine_that_two_images_with_different_dimensions_are_different" file="/Users/freek/dev/code/phpunit-snapshot-assertions/tests/Unit/Drivers/ImageDriverTest.php" line="54" class="Spatie\Snapshots\Test\Unit\Drivers\ImageDriverTest" classname="Spatie.Snapshots.Test.Unit.Drivers.ImageDriverTest" assertions="1" time="0.220793"/>
      </testsuite>
      <testsuite name="Spatie\Snapshots\Test\Unit\Drivers\JsonDriverTest" file="/Users/freek/dev/code/phpunit-snapshot-assertions/tests/Unit/Drivers/JsonDriverTest.php" tests="14" assertions="42" errors="0" failures="0" skipped="0" time="0.001158">
        <testcase name="it_can_serialize_a_json_string_to_pretty_json" file="/Users/freek/dev/code/phpunit-snapshot-assertions/tests/Unit/Drivers/JsonDriverTest.php" line="13" class="Spatie\Snapshots\Test\Unit\Drivers\JsonDriverTest" classname="Spatie.Snapshots.Test.Unit.Drivers.JsonDriverTest" assertions="1" time="0.000071"/>
        <testcase name="it_can_serialize_a_json_hash_to_pretty_json" file="/Users/freek/dev/code/phpunit-snapshot-assertions/tests/Unit/Drivers/JsonDriverTest.php" line="28" class="Spatie\Snapshots\Test\Unit\Drivers\JsonDriverTest" classname="Spatie.Snapshots.Test.Unit.Drivers.JsonDriverTest" assertions="2" time="0.000043"/>
        <testcase name="it_can_serialize_a_json_array_to_pretty_json" file="/Users/freek/dev/code/phpunit-snapshot-assertions/tests/Unit/Drivers/JsonDriverTest.php" line="74" class="Spatie\Snapshots\Test\Unit\Drivers\JsonDriverTest" classname="Spatie.Snapshots.Test.Unit.Drivers.JsonDriverTest" assertions="1" time="0.000039"/>
        <testcase name="it_can_serialize_a_empty_json_object_to_pretty_json" file="/Users/freek/dev/code/phpunit-snapshot-assertions/tests/Unit/Drivers/JsonDriverTest.php" line="91" class="Spatie\Snapshots\Test\Unit\Drivers\JsonDriverTest" classname="Spatie.Snapshots.Test.Unit.Drivers.JsonDriverTest" assertions="1" time="0.000048"/>
        <testcase name="it_can_not_serialize_resources" file="/Users/freek/dev/code/phpunit-snapshot-assertions/tests/Unit/Drivers/JsonDriverTest.php" line="114" class="Spatie\Snapshots\Test\Unit\Drivers\JsonDriverTest" classname="Spatie.Snapshots.Test.Unit.Drivers.JsonDriverTest" assertions="1" time="0.000276"/>
        <testsuite name="Spatie\Snapshots\Test\Unit\Drivers\JsonDriverTest::it_can_match_json_strings" tests="9" assertions="36" errors="0" failures="0" skipped="0" time="0.000681">
          <testcase name="it_can_match_json_strings with data set #0" file="/Users/freek/dev/code/phpunit-snapshot-assertions/tests/Unit/Drivers/JsonDriverTest.php" line="138" class="Spatie\Snapshots\Test\Unit\Drivers\JsonDriverTest" classname="Spatie.Snapshots.Test.Unit.Drivers.JsonDriverTest" assertions="4" time="0.000296"/>
          <testcase name="it_can_match_json_strings with data set #1" file="/Users/freek/dev/code/phpunit-snapshot-assertions/tests/Unit/Drivers/JsonDriverTest.php" line="138" class="Spatie\Snapshots\Test\Unit\Drivers\JsonDriverTest" classname="Spatie.Snapshots.Test.Unit.Drivers.JsonDriverTest" assertions="4" time="0.000070"/>
          <testcase name="it_can_match_json_strings with data set #2" file="/Users/freek/dev/code/phpunit-snapshot-assertions/tests/Unit/Drivers/JsonDriverTest.php" line="138" class="Spatie\Snapshots\Test\Unit\Drivers\JsonDriverTest" classname="Spatie.Snapshots.Test.Unit.Drivers.JsonDriverTest" assertions="4" time="0.000047"/>
          <testcase name="it_can_match_json_strings with data set #3" file="/Users/freek/dev/code/phpunit-snapshot-assertions/tests/Unit/Drivers/JsonDriverTest.php" line="138" class="Spatie\Snapshots\Test\Unit\Drivers\JsonDriverTest" classname="Spatie.Snapshots.Test.Unit.Drivers.JsonDriverTest" assertions="4" time="0.000055"/>
          <testcase name="it_can_match_json_strings with data set #4" file="/Users/freek/dev/code/phpunit-snapshot-assertions/tests/Unit/Drivers/JsonDriverTest.php" line="138" class="Spatie\Snapshots\Test\Unit\Drivers\JsonDriverTest" classname="Spatie.Snapshots.Test.Unit.Drivers.JsonDriverTest" assertions="4" time="0.000042"/>
          <testcase name="it_can_match_json_strings with data set #5" file="/Users/freek/dev/code/phpunit-snapshot-assertions/tests/Unit/Drivers/JsonDriverTest.php" line="138" class="Spatie\Snapshots\Test\Unit\Drivers\JsonDriverTest" classname="Spatie.Snapshots.Test.Unit.Drivers.JsonDriverTest" assertions="4" time="0.000041"/>
          <testcase name="it_can_match_json_strings with data set #6" file="/Users/freek/dev/code/phpunit-snapshot-assertions/tests/Unit/Drivers/JsonDriverTest.php" line="138" class="Spatie\Snapshots\Test\Unit\Drivers\JsonDriverTest" classname="Spatie.Snapshots.Test.Unit.Drivers.JsonDriverTest" assertions="4" time="0.000041"/>
          <testcase name="it_can_match_json_strings with data set #7" file="/Users/freek/dev/code/phpunit-snapshot-assertions/tests/Unit/Drivers/JsonDriverTest.php" line="138" class="Spatie\Snapshots\Test\Unit\Drivers\JsonDriverTest" classname="Spatie.Snapshots.Test.Unit.Drivers.JsonDriverTest" assertions="4" time="0.000042"/>
          <testcase name="it_can_match_json_strings with data set #8" file="/Users/freek/dev/code/phpunit-snapshot-assertions/tests/Unit/Drivers/JsonDriverTest.php" line="138" class="Spatie\Snapshots\Test\Unit\Drivers\JsonDriverTest" classname="Spatie.Snapshots.Test.Unit.Drivers.JsonDriverTest" assertions="4" time="0.000046"/>
        </testsuite>
      </testsuite>
      <testsuite name="Spatie\Snapshots\Test\Unit\Drivers\ObjectDriverTest" file="/Users/freek/dev/code/phpunit-snapshot-assertions/tests/Unit/Drivers/ObjectDriverTest.php" tests="7" assertions="7" errors="0" failures="0" skipped="0" time="0.001662">
        <testcase name="it_can_serialize_a_string" file="/Users/freek/dev/code/phpunit-snapshot-assertions/tests/Unit/Drivers/ObjectDriverTest.php" line="11" class="Spatie\Snapshots\Test\Unit\Drivers\ObjectDriverTest" classname="Spatie.Snapshots.Test.Unit.Drivers.ObjectDriverTest" assertions="1" time="0.000103"/>
        <testcase name="it_can_serialize_an_integer" file="/Users/freek/dev/code/phpunit-snapshot-assertions/tests/Unit/Drivers/ObjectDriverTest.php" line="19" class="Spatie\Snapshots\Test\Unit\Drivers\ObjectDriverTest" classname="Spatie.Snapshots.Test.Unit.Drivers.ObjectDriverTest" assertions="1" time="0.000049"/>
        <testcase name="it_can_serialize_a_float" file="/Users/freek/dev/code/phpunit-snapshot-assertions/tests/Unit/Drivers/ObjectDriverTest.php" line="27" class="Spatie\Snapshots\Test\Unit\Drivers\ObjectDriverTest" classname="Spatie.Snapshots.Test.Unit.Drivers.ObjectDriverTest" assertions="1" time="0.000063"/>
        <testcase name="it_can_serialize_an_associative_array" file="/Users/freek/dev/code/phpunit-snapshot-assertions/tests/Unit/Drivers/ObjectDriverTest.php" line="35" class="Spatie\Snapshots\Test\Unit\Drivers\ObjectDriverTest" classname="Spatie.Snapshots.Test.Unit.Drivers.ObjectDriverTest" assertions="1" time="0.000060"/>
        <testcase name="it_can_serialize_an_indexed_array_without_keys" file="/Users/freek/dev/code/phpunit-snapshot-assertions/tests/Unit/Drivers/ObjectDriverTest.php" line="49" class="Spatie\Snapshots\Test\Unit\Drivers\ObjectDriverTest" classname="Spatie.Snapshots.Test.Unit.Drivers.ObjectDriverTest" assertions="1" time="0.000056"/>
        <testcase name="it_can_serialize_a_simple_object" file="/Users/freek/dev/code/phpunit-snapshot-assertions/tests/Unit/Drivers/ObjectDriverTest.php" line="63" class="Spatie\Snapshots\Test\Unit\Drivers\ObjectDriverTest" classname="Spatie.Snapshots.Test.Unit.Drivers.ObjectDriverTest" assertions="1" time="0.000299"/>
        <testcase name="it_can_serialize_a_class_instance" file="/Users/freek/dev/code/phpunit-snapshot-assertions/tests/Unit/Drivers/ObjectDriverTest.php" line="76" class="Spatie\Snapshots\Test\Unit\Drivers\ObjectDriverTest" classname="Spatie.Snapshots.Test.Unit.Drivers.ObjectDriverTest" assertions="1" time="0.001032"/>
      </testsuite>
      <testsuite name="Spatie\Snapshots\Test\Unit\Drivers\TextDriverTest" file="/Users/freek/dev/code/phpunit-snapshot-assertions/tests/Unit/Drivers/TextDriverTest.php" tests="2" assertions="2" errors="0" failures="0" skipped="0" time="0.000091">
        <testcase name="it_can_serialize_laravel_route_list" file="/Users/freek/dev/code/phpunit-snapshot-assertions/tests/Unit/Drivers/TextDriverTest.php" line="11" class="Spatie\Snapshots\Test\Unit\Drivers\TextDriverTest" classname="Spatie.Snapshots.Test.Unit.Drivers.TextDriverTest" assertions="1" time="0.000051"/>
        <testcase name="it_can_serialize_when_given_OS_dependant_line_endings" file="/Users/freek/dev/code/phpunit-snapshot-assertions/tests/Unit/Drivers/TextDriverTest.php" line="31" class="Spatie\Snapshots\Test\Unit\Drivers\TextDriverTest" classname="Spatie.Snapshots.Test.Unit.Drivers.TextDriverTest" assertions="1" time="0.000040"/>
      </testsuite>
      <testsuite name="Spatie\Snapshots\Test\Unit\Drivers\XmlDriverTest" file="/Users/freek/dev/code/phpunit-snapshot-assertions/tests/Unit/Drivers/XmlDriverTest.php" tests="2" assertions="2" errors="0" failures="0" skipped="0" time="0.000154">
        <testcase name="it_can_serialize_a_xml_string_to_pretty_xml" file="/Users/freek/dev/code/phpunit-snapshot-assertions/tests/Unit/Drivers/XmlDriverTest.php" line="12" class="Spatie\Snapshots\Test\Unit\Drivers\XmlDriverTest" classname="Spatie.Snapshots.Test.Unit.Drivers.XmlDriverTest" assertions="1" time="0.000102"/>
        <testcase name="it_can_only_serialize_strings" file="/Users/freek/dev/code/phpunit-snapshot-assertions/tests/Unit/Drivers/XmlDriverTest.php" line="28" class="Spatie\Snapshots\Test\Unit\Drivers\XmlDriverTest" classname="Spatie.Snapshots.Test.Unit.Drivers.XmlDriverTest" assertions="1" time="0.000052"/>
      </testsuite>
      <testsuite name="Spatie\Snapshots\Test\Unit\Drivers\YamlDriverTest" file="/Users/freek/dev/code/phpunit-snapshot-assertions/tests/Unit/Drivers/YamlDriverTest.php" tests="2" assertions="2" errors="0" failures="0" skipped="0" time="0.000409">
        <testcase name="it_can_serialize_a_yaml_string" file="/Users/freek/dev/code/phpunit-snapshot-assertions/tests/Unit/Drivers/YamlDriverTest.php" line="11" class="Spatie\Snapshots\Test\Unit\Drivers\YamlDriverTest" classname="Spatie.Snapshots.Test.Unit.Drivers.YamlDriverTest" assertions="1" time="0.000361"/>
        <testcase name="it_can_serialize_a_yaml_array" file="/Users/freek/dev/code/phpunit-snapshot-assertions/tests/Unit/Drivers/YamlDriverTest.php" line="25" class="Spatie\Snapshots\Test\Unit\Drivers\YamlDriverTest" classname="Spatie.Snapshots.Test.Unit.Drivers.YamlDriverTest" assertions="1" time="0.000048"/>
      </testsuite>
      <testsuite name="Spatie\Snapshots\Test\Unit\FilenameTest" file="/Users/freek/dev/code/phpunit-snapshot-assertions/tests/Unit/FilenameTest.php" tests="2" assertions="2" errors="0" failures="0" skipped="0" time="0.000313">
        <testsuite name="Spatie\Snapshots\Test\Unit\FilenameTest::it_creates_a_filename_which_is_valid_on_all_systems" tests="2" assertions="2" errors="0" failures="0" skipped="0" time="0.000313">
          <testcase name="it_creates_a_filename_which_is_valid_on_all_systems with data set #0" file="/Users/freek/dev/code/phpunit-snapshot-assertions/tests/Unit/FilenameTest.php" line="15" class="Spatie\Snapshots\Test\Unit\FilenameTest" classname="Spatie.Snapshots.Test.Unit.FilenameTest" assertions="1" time="0.000057"/>
          <testcase name="it_creates_a_filename_which_is_valid_on_all_systems with data set #1" file="/Users/freek/dev/code/phpunit-snapshot-assertions/tests/Unit/FilenameTest.php" line="15" class="Spatie\Snapshots\Test\Unit\FilenameTest" classname="Spatie.Snapshots.Test.Unit.FilenameTest" assertions="1" time="0.000256"/>
        </testsuite>
      </testsuite>
      <testsuite name="Spatie\Snapshots\Test\Unit\SnapshotTest" file="/Users/freek/dev/code/phpunit-snapshot-assertions/tests/Unit/SnapshotTest.php" tests="3" assertions="5" errors="0" failures="0" skipped="0" time="0.000178">
        <testcase name="it_has_an_id" file="/Users/freek/dev/code/phpunit-snapshot-assertions/tests/Unit/SnapshotTest.php" line="27" class="Spatie\Snapshots\Test\Unit\SnapshotTest" classname="Spatie.Snapshots.Test.Unit.SnapshotTest" assertions="1" time="0.000063"/>
        <testcase name="it_has_a_filename_based_on_its_id_and_its_drivers_extension" file="/Users/freek/dev/code/phpunit-snapshot-assertions/tests/Unit/SnapshotTest.php" line="35" class="Spatie\Snapshots\Test\Unit\SnapshotTest" classname="Spatie.Snapshots.Test.Unit.SnapshotTest" assertions="2" time="0.000061"/>
        <testcase name="it_has_a_filename_which_is_valid_on_all_systems" file="/Users/freek/dev/code/phpunit-snapshot-assertions/tests/Unit/SnapshotTest.php" line="48" class="Spatie\Snapshots\Test\Unit\SnapshotTest" classname="Spatie.Snapshots.Test.Unit.SnapshotTest" assertions="2" time="0.000053"/>
      </testsuite>
    </testsuite>
  </testsuite>
</testsuites>
