<?xml version="1.0" encoding="UTF-8"?>
<testsuites>
  <testsuite name="/Users/freek/dev/code/phpunit-snapshot-assertions/tests" tests="82" assertions="207" errors="0" failures="0" skipped="0" time="0.797668">
    <testsuite name="Spatie\Snapshots\Test\Integration\AssertionTest" file="/Users/freek/dev/code/phpunit-snapshot-assertions/tests/Integration/AssertionTest.php" tests="8" assertions="13" errors="0" failures="0" skipped="0" time="0.005382">
      <testcase name="can_match_a_string_snapshot" file="/Users/freek/dev/code/phpunit-snapshot-assertions/tests/Integration/AssertionTest.php" line="21" class="Spatie\Snapshots\Test\Integration\AssertionTest" classname="Spatie.Snapshots.Test.Integration.AssertionTest" assertions="1" time="0.002910"/>
      <testcase name="can_match_an_html_snapshot" file="/Users/freek/dev/code/phpunit-snapshot-assertions/tests/Integration/AssertionTest.php" line="29" class="Spatie\Snapshots\Test\Integration\AssertionTest" classname="Spatie.Snapshots.Test.Integration.AssertionTest" assertions="1" time="0.000351"/>
      <testcase name="can_match_an_xml_snapshot" file="/Users/freek/dev/code/phpunit-snapshot-assertions/tests/Integration/AssertionTest.php" line="37" class="Spatie\Snapshots\Test\Integration\AssertionTest" classname="Spatie.Snapshots.Test.Integration.AssertionTest" assertions="1" time="0.000394"/>
      <testcase name="can_match_a_json_snapshot" file="/Users/freek/dev/code/phpunit-snapshot-assertions/tests/Integration/AssertionTest.php" line="45" class="Spatie\Snapshots\Test\Integration\AssertionTest" classname="Spatie.Snapshots.Test.Integration.AssertionTest" assertions="3" time="0.000720"/>
      <testcase name="can_match_an_array_snapshot" file="/Users/freek/dev/code/phpunit-snapshot-assertions/tests/Integration/AssertionTest.php" line="53" class="Spatie\Snapshots\Test\Integration\AssertionTest" classname="Spatie.Snapshots.Test.Integration.AssertionTest" assertions="3" time="0.000122"/>
      <testcase name="can_match_a_file_hash_snapshot" file="/Users/freek/dev/code/phpunit-snapshot-assertions/tests/Integration/AssertionTest.php" line="61" class="Spatie\Snapshots\Test\Integration\AssertionTest" classname="Spatie.Snapshots.Test.Integration.AssertionTest" assertions="1" time="0.000245"/>
      <testcase name="can_match_a_file_snapshot" file="/Users/freek/dev/code/phpunit-snapshot-assertions/tests/Integration/AssertionTest.php" line="69" class="Spatie\Snapshots\Test\Integration\AssertionTest" classname="Spatie.Snapshots.Test.Integration.AssertionTest" assertions="1" time="0.000462"/>
      <testcase name="can_do_multiple_snapshot_assertions" file="/Users/freek/dev/code/phpunit-snapshot-assertions/tests/Integration/AssertionTest.php" line="77" class="Spatie\Snapshots\Test\Integration\AssertionTest" classname="Spatie.Snapshots.Test.Integration.AssertionTest" assertions="2" time="0.000178"/>
    </testsuite>
    <testsuite name="Spatie\Snapshots\Test\Integration\MatchesSnapshotTest" file="/Users/freek/dev/code/phpunit-snapshot-assertions/tests/Integration/MatchesSnapshotTest.php" tests="33" assertions="122" errors="0" failures="0" skipped="0" time="0.035206">
      <testcase name="it_can_create_a_snapshot_from_a_string" file="/Users/freek/dev/code/phpunit-snapshot-assertions/tests/Integration/MatchesSnapshotTest.php" line="34" class="Spatie\Snapshots\Test\Integration\MatchesSnapshotTest" classname="Spatie.Snapshots.Test.Integration.MatchesSnapshotTest" assertions="6" time="0.005610"/>
      <testcase name="it_can_create_a_snapshot_from_an_array" file="/Users/freek/dev/code/phpunit-snapshot-assertions/tests/Integration/MatchesSnapshotTest.php" line="49" class="Spatie\Snapshots\Test\Integration\MatchesSnapshotTest" classname="Spatie.Snapshots.Test.Integration.MatchesSnapshotTest" assertions="6" time="0.010400"/>
      <testcase name="it_can_create_a_snapshot_from_html" file="/Users/freek/dev/code/phpunit-snapshot-assertions/tests/Integration/MatchesSnapshotTest.php" line="64" class="Spatie\Snapshots\Test\Integration\MatchesSnapshotTest" classname="Spatie.Snapshots.Test.Integration.MatchesSnapshotTest" assertions="6" time="0.000758"/>
      <testcase name="it_can_create_a_snapshot_from_xml" file="/Users/freek/dev/code/phpunit-snapshot-assertions/tests/Integration/MatchesSnapshotTest.php" line="79" class="Spatie\Snapshots\Test\Integration\MatchesSnapshotTest" classname="Spatie.Snapshots.Test.Integration.MatchesSnapshotTest" assertions="6" time="0.000733"/>
      <testcase name="it_can_create_a_snapshot_from_json" file="/Users/freek/dev/code/phpunit-snapshot-assertions/tests/Integration/MatchesSnapshotTest.php" line="94" class="Spatie\Snapshots\Test\Integration\MatchesSnapshotTest" classname="Spatie.Snapshots.Test.Integration.MatchesSnapshotTest" assertions="8" time="0.000487"/>
      <testcase name="it_can_create_a_snapshot_from_a_file" file="/Users/freek/dev/code/phpunit-snapshot-assertions/tests/Integration/MatchesSnapshotTest.php" line="109" class="Spatie\Snapshots\Test\Integration\MatchesSnapshotTest" classname="Spatie.Snapshots.Test.Integration.MatchesSnapshotTest" assertions="5" time="0.000845"/>
      <testcase name="it_can_match_an_existing_string_snapshot" file="/Users/freek/dev/code/phpunit-snapshot-assertions/tests/Integration/MatchesSnapshotTest.php" line="124" class="Spatie\Snapshots\Test\Integration\MatchesSnapshotTest" classname="Spatie.Snapshots.Test.Integration.MatchesSnapshotTest" assertions="1" time="0.000420"/>
      <testcase name="it_can_match_an_existing_html_snapshot" file="/Users/freek/dev/code/phpunit-snapshot-assertions/tests/Integration/MatchesSnapshotTest.php" line="132" class="Spatie\Snapshots\Test\Integration\MatchesSnapshotTest" classname="Spatie.Snapshots.Test.Integration.MatchesSnapshotTest" assertions="1" time="0.000292"/>
      <testcase name="it_can_match_an_existing_xml_snapshot" file="/Users/freek/dev/code/phpunit-snapshot-assertions/tests/Integration/MatchesSnapshotTest.php" line="140" class="Spatie\Snapshots\Test\Integration\MatchesSnapshotTest" classname="Spatie.Snapshots.Test.Integration.MatchesSnapshotTest" assertions="1" time="0.000524"/>
      <testcase name="it_can_match_an_existing_json_snapshot" file="/Users/freek/dev/code/phpunit-snapshot-assertions/tests/Integration/MatchesSnapshotTest.php" line="148" class="Spatie\Snapshots\Test\Integration\MatchesSnapshotTest" classname="Spatie.Snapshots.Test.Integration.MatchesSnapshotTest" assertions="3" time="0.000366"/>
      <testcase name="it_can_match_an_existing_file_hash_snapshot" file="/Users/freek/dev/code/phpunit-snapshot-assertions/tests/Integration/MatchesSnapshotTest.php" line="156" class="Spatie\Snapshots\Test\Integration\MatchesSnapshotTest" classname="Spatie.Snapshots.Test.Integration.MatchesSnapshotTest" assertions="1" time="0.000516"/>
      <testcase name="it_can_mismatch_a_string_snapshot" file="/Users/freek/dev/code/phpunit-snapshot-assertions/tests/Integration/MatchesSnapshotTest.php" line="164" class="Spatie\Snapshots\Test\Integration\MatchesSnapshotTest" classname="Spatie.Snapshots.Test.Integration.MatchesSnapshotTest" assertions="2" time="0.001647"/>
      <testcase name="it_can_mismatch_a_html_snapshot" file="/Users/freek/dev/code/phpunit-snapshot-assertions/tests/Integration/MatchesSnapshotTest.php" line="174" class="Spatie\Snapshots\Test\Integration\MatchesSnapshotTest" classname="Spatie.Snapshots.Test.Integration.MatchesSnapshotTest" assertions="2" time="0.000463"/>
      <testcase name="it_can_mismatch_a_xml_snapshot" file="/Users/freek/dev/code/phpunit-snapshot-assertions/tests/Integration/MatchesSnapshotTest.php" line="184" class="Spatie\Snapshots\Test\Integration\MatchesSnapshotTest" classname="Spatie.Snapshots.Test.Integration.MatchesSnapshotTest" assertions="2" time="0.000573"/>
      <testcase name="it_can_mismatch_a_json_snapshot" file="/Users/freek/dev/code/phpunit-snapshot-assertions/tests/Integration/MatchesSnapshotTest.php" line="194" class="Spatie\Snapshots\Test\Integration\MatchesSnapshotTest" classname="Spatie.Snapshots.Test.Integration.MatchesSnapshotTest" assertions="4" time="0.000415"/>
      <testcase name="it_can_mismatch_a_file_hash_snapshot" file="/Users/freek/dev/code/phpunit-snapshot-assertions/tests/Integration/MatchesSnapshotTest.php" line="204" class="Spatie\Snapshots\Test\Integration\MatchesSnapshotTest" classname="Spatie.Snapshots.Test.Integration.MatchesSnapshotTest" assertions="2" time="0.000347"/>
      <testcase name="it_can_mismatch_a_file_snapshot" file="/Users/freek/dev/code/phpunit-snapshot-assertions/tests/Integration/MatchesSnapshotTest.php" line="214" class="Spatie\Snapshots\Test\Integration\MatchesSnapshotTest" classname="Spatie.Snapshots.Test.Integration.MatchesSnapshotTest" assertions="2" time="0.001036"/>
      <testcase name="it_can_mismatch_a_file_snapshot_with_a_different_extension" file="/Users/freek/dev/code/phpunit-snapshot-assertions/tests/Integration/MatchesSnapshotTest.php" line="227" class="Spatie\Snapshots\Test\Integration\MatchesSnapshotTest" classname="Spatie.Snapshots.Test.Integration.MatchesSnapshotTest" assertions="2" time="0.000379"/>
      <testcase name="it_needs_a_file_extension_to_do_a_file_snapshot_assertion" file="/Users/freek/dev/code/phpunit-snapshot-assertions/tests/Integration/MatchesSnapshotTest.php" line="240" class="Spatie\Snapshots\Test\Integration\MatchesSnapshotTest" classname="Spatie.Snapshots.Test.Integration.MatchesSnapshotTest" assertions="3" time="0.000277"/>
      <testcase name="it_persists_the_failed_file_after_mismatching_a_file_snapshot" file="/Users/freek/dev/code/phpunit-snapshot-assertions/tests/Integration/MatchesSnapshotTest.php" line="258" class="Spatie\Snapshots\Test\Integration\MatchesSnapshotTest" classname="Spatie.Snapshots.Test.Integration.MatchesSnapshotTest" assertions="2" time="0.000580"/>
      <testcase name="it_deletes_the_persisted_failed_file_before_a_file_snapshot_assertion" file="/Users/freek/dev/code/phpunit-snapshot-assertions/tests/Integration/MatchesSnapshotTest.php" line="278" class="Spatie\Snapshots\Test\Integration\MatchesSnapshotTest" classname="Spatie.Snapshots.Test.Integration.MatchesSnapshotTest" assertions="3" time="0.001487"/>
      <testcase name="it_cleans_filenames_on_file_snapshot" file="/Users/freek/dev/code/phpunit-snapshot-assertions/tests/Integration/MatchesSnapshotTest.php" line="296" class="Spatie\Snapshots\Test\Integration\MatchesSnapshotTest" classname="Spatie.Snapshots.Test.Integration.MatchesSnapshotTest" assertions="2" time="0.000735"/>
      <testcase name="it_can_update_a_string_snapshot" file="/Users/freek/dev/code/phpunit-snapshot-assertions/tests/Integration/MatchesSnapshotTest.php" line="313" class="Spatie\Snapshots\Test\Integration\MatchesSnapshotTest" classname="Spatie.Snapshots.Test.Integration.MatchesSnapshotTest" assertions="6" time="0.000641"/>
      <testcase name="it_can_update_a_html_snapshot" file="/Users/freek/dev/code/phpunit-snapshot-assertions/tests/Integration/MatchesSnapshotTest.php" line="330" class="Spatie\Snapshots\Test\Integration\MatchesSnapshotTest" classname="Spatie.Snapshots.Test.Integration.MatchesSnapshotTest" assertions="6" time="0.000440"/>
      <testcase name="it_can_update_a_xml_snapshot" file="/Users/freek/dev/code/phpunit-snapshot-assertions/tests/Integration/MatchesSnapshotTest.php" line="347" class="Spatie\Snapshots\Test\Integration\MatchesSnapshotTest" classname="Spatie.Snapshots.Test.Integration.MatchesSnapshotTest" assertions="6" time="0.000562"/>
      <testcase name="it_can_update_a_json_snapshot" file="/Users/freek/dev/code/phpunit-snapshot-assertions/tests/Integration/MatchesSnapshotTest.php" line="364" class="Spatie\Snapshots\Test\Integration\MatchesSnapshotTest" classname="Spatie.Snapshots.Test.Integration.MatchesSnapshotTest" assertions="8" time="0.000588"/>
      <testcase name="it_can_update_a_file_snapshot" file="/Users/freek/dev/code/phpunit-snapshot-assertions/tests/Integration/MatchesSnapshotTest.php" line="381" class="Spatie\Snapshots\Test\Integration\MatchesSnapshotTest" classname="Spatie.Snapshots.Test.Integration.MatchesSnapshotTest" assertions="5" time="0.000830"/>
      <testcase name="it_can_update_a_file_snapshot_with_a_different_extension" file="/Users/freek/dev/code/phpunit-snapshot-assertions/tests/Integration/MatchesSnapshotTest.php" line="398" class="Spatie\Snapshots\Test\Integration\MatchesSnapshotTest" classname="Spatie.Snapshots.Test.Integration.MatchesSnapshotTest" assertions="7" time="0.000971"/>
      <testcase name="it_can_update_a_snapshot_with_env_var" file="/Users/freek/dev/code/phpunit-snapshot-assertions/tests/Integration/MatchesSnapshotTest.php" line="421" class="Spatie\Snapshots\Test\Integration\MatchesSnapshotTest" classname="Spatie.Snapshots.Test.Integration.MatchesSnapshotTest" assertions="6" time="0.000629"/>
      <testcase name="it_doesnt_create_a_regular_snapshot_and_mismatches_if_asked" file="/Users/freek/dev/code/phpunit-snapshot-assertions/tests/Integration/MatchesSnapshotTest.php" line="509" class="Spatie\Snapshots\Test\Integration\MatchesSnapshotTest" classname="Spatie.Snapshots.Test.Integration.MatchesSnapshotTest" assertions="2" time="0.000457"/>
      <testcase name="it_doesnt_create_a_file_snapshot_and_mismatches_if_asked" file="/Users/freek/dev/code/phpunit-snapshot-assertions/tests/Integration/MatchesSnapshotTest.php" line="525" class="Spatie\Snapshots\Test\Integration\MatchesSnapshotTest" classname="Spatie.Snapshots.Test.Integration.MatchesSnapshotTest" assertions="2" time="0.000344"/>
      <testcase name="it_doesnt_create_a_regular_snapshot_and_mismatches_if_asked_with_env_var" file="/Users/freek/dev/code/phpunit-snapshot-assertions/tests/Integration/MatchesSnapshotTest.php" line="541" class="Spatie\Snapshots\Test\Integration\MatchesSnapshotTest" classname="Spatie.Snapshots.Test.Integration.MatchesSnapshotTest" assertions="2" time="0.000395"/>
      <testcase name="it_doesnt_create_a_file_snapshot_and_mismatches_if_asked_with_env_var" file="/Users/freek/dev/code/phpunit-snapshot-assertions/tests/Integration/MatchesSnapshotTest.php" line="557" class="Spatie\Snapshots\Test\Integration\MatchesSnapshotTest" classname="Spatie.Snapshots.Test.Integration.MatchesSnapshotTest" assertions="2" time="0.000460"/>
    </testsuite>
    <testsuite name="Spatie\Snapshots\Test\Unit\Drivers\HtmlDriverTest" file="/Users/freek/dev/code/phpunit-snapshot-assertions/tests/Unit/Drivers/HtmlDriverTest.php" tests="5" assertions="5" errors="0" failures="0" skipped="0" time="0.000667">
      <testcase name="it_can_serialize_a_html_string_to_pretty_html" file="/Users/freek/dev/code/phpunit-snapshot-assertions/tests/Unit/Drivers/HtmlDriverTest.php" line="12" class="Spatie\Snapshots\Test\Unit\Drivers\HtmlDriverTest" classname="Spatie.Snapshots.Test.Unit.Drivers.HtmlDriverTest" assertions="1" time="0.000102"/>
      <testcase name="test_for_issue_140" file="/Users/freek/dev/code/phpunit-snapshot-assertions/tests/Unit/Drivers/HtmlDriverTest.php" line="29" class="Spatie\Snapshots\Test\Unit\Drivers\HtmlDriverTest" classname="Spatie.Snapshots.Test.Unit.Drivers.HtmlDriverTest" assertions="1" time="0.000073"/>
      <testcase name="it_can_serialize_a_html_string_without_a_doctype" file="/Users/freek/dev/code/phpunit-snapshot-assertions/tests/Unit/Drivers/HtmlDriverTest.php" line="50" class="Spatie\Snapshots\Test\Unit\Drivers\HtmlDriverTest" classname="Spatie.Snapshots.Test.Unit.Drivers.HtmlDriverTest" assertions="1" time="0.000053"/>
      <testcase name="it_can_only_serialize_strings" file="/Users/freek/dev/code/phpunit-snapshot-assertions/tests/Unit/Drivers/HtmlDriverTest.php" line="66" class="Spatie\Snapshots\Test\Unit\Drivers\HtmlDriverTest" classname="Spatie.Snapshots.Test.Unit.Drivers.HtmlDriverTest" assertions="1" time="0.000344"/>
      <testcase name="it_can_serialize_an_empty_string" file="/Users/freek/dev/code/phpunit-snapshot-assertions/tests/Unit/Drivers/HtmlDriverTest.php" line="76" class="Spatie\Snapshots\Test\Unit\Drivers\HtmlDriverTest" classname="Spatie.Snapshots.Test.Unit.Drivers.HtmlDriverTest" assertions="1" time="0.000095"/>
    </testsuite>
    <testsuite name="Spatie\Snapshots\Test\Unit\Drivers\ImageDriverTest" file="/Users/freek/dev/code/phpunit-snapshot-assertions/tests/Unit/Drivers/ImageDriverTest.php" tests="4" assertions="5" errors="0" failures="0" skipped="0" time="0.752466">
      <testcase name="it_can_serialize_an_image" file="/Users/freek/dev/code/phpunit-snapshot-assertions/tests/Unit/Drivers/ImageDriverTest.php" line="24" class="Spatie\Snapshots\Test\Unit\Drivers\ImageDriverTest" classname="Spatie.Snapshots.Test.Unit.Drivers.ImageDriverTest" assertions="1" time="0.000372"/>
      <testcase name="it_can_determine_that_two_images_are_the_same" file="/Users/freek/dev/code/phpunit-snapshot-assertions/tests/Unit/Drivers/ImageDriverTest.php" line="32" class="Spatie\Snapshots\Test\Unit\Drivers\ImageDriverTest" classname="Spatie.Snapshots.Test.Unit.Drivers.ImageDriverTest" assertions="1" time="0.292817"/>
      <testcase name="it_can_determine_that_two_images_are_not_same" file="/Users/freek/dev/code/phpunit-snapshot-assertions/tests/Unit/Drivers/ImageDriverTest.php" line="43" class="Spatie\Snapshots\Test\Unit\Drivers\ImageDriverTest" classname="Spatie.Snapshots.Test.Unit.Drivers.ImageDriverTest" assertions="2" time="0.232798"/>
      <testcase name="it_will_determine_that_two_images_with_different_dimensions_are_different" file="/Users/freek/dev/code/phpunit-snapshot-assertions/tests/Unit/Drivers/ImageDriverTest.php" line="54" class="Spatie\Snapshots\Test\Unit\Drivers\ImageDriverTest" classname="Spatie.Snapshots.Test.Unit.Drivers.ImageDriverTest" assertions="1" time="0.226479"/>
    </testsuite>
    <testsuite name="Spatie\Snapshots\Test\Unit\Drivers\JsonDriverTest" file="/Users/freek/dev/code/phpunit-snapshot-assertions/tests/Unit/Drivers/JsonDriverTest.php" tests="14" assertions="42" errors="0" failures="0" skipped="0" time="0.001421">
      <testcase name="it_can_serialize_a_json_string_to_pretty_json" file="/Users/freek/dev/code/phpunit-snapshot-assertions/tests/Unit/Drivers/JsonDriverTest.php" line="13" class="Spatie\Snapshots\Test\Unit\Drivers\JsonDriverTest" classname="Spatie.Snapshots.Test.Unit.Drivers.JsonDriverTest" assertions="1" time="0.000115"/>
      <testcase name="it_can_serialize_a_json_hash_to_pretty_json" file="/Users/freek/dev/code/phpunit-snapshot-assertions/tests/Unit/Drivers/JsonDriverTest.php" line="28" class="Spatie\Snapshots\Test\Unit\Drivers\JsonDriverTest" classname="Spatie.Snapshots.Test.Unit.Drivers.JsonDriverTest" assertions="2" time="0.000061"/>
      <testcase name="it_can_serialize_a_json_array_to_pretty_json" file="/Users/freek/dev/code/phpunit-snapshot-assertions/tests/Unit/Drivers/JsonDriverTest.php" line="74" class="Spatie\Snapshots\Test\Unit\Drivers\JsonDriverTest" classname="Spatie.Snapshots.Test.Unit.Drivers.JsonDriverTest" assertions="1" time="0.000044"/>
      <testcase name="it_can_serialize_a_empty_json_object_to_pretty_json" file="/Users/freek/dev/code/phpunit-snapshot-assertions/tests/Unit/Drivers/JsonDriverTest.php" line="91" class="Spatie\Snapshots\Test\Unit\Drivers\JsonDriverTest" classname="Spatie.Snapshots.Test.Unit.Drivers.JsonDriverTest" assertions="1" time="0.000042"/>
      <testcase name="it_can_not_serialize_resources" file="/Users/freek/dev/code/phpunit-snapshot-assertions/tests/Unit/Drivers/JsonDriverTest.php" line="114" class="Spatie\Snapshots\Test\Unit\Drivers\JsonDriverTest" classname="Spatie.Snapshots.Test.Unit.Drivers.JsonDriverTest" assertions="1" time="0.000226"/>
      <testsuite name="Spatie\Snapshots\Test\Unit\Drivers\JsonDriverTest::it_can_match_json_strings" tests="9" assertions="36" errors="0" failures="0" skipped="0" time="0.000933">
        <testcase name="it_can_match_json_strings with data set #0" file="/Users/freek/dev/code/phpunit-snapshot-assertions/tests/Unit/Drivers/JsonDriverTest.php" line="138" class="Spatie\Snapshots\Test\Unit\Drivers\JsonDriverTest" classname="Spatie.Snapshots.Test.Unit.Drivers.JsonDriverTest" assertions="4" time="0.000403"/>
        <testcase name="it_can_match_json_strings with data set #1" file="/Users/freek/dev/code/phpunit-snapshot-assertions/tests/Unit/Drivers/JsonDriverTest.php" line="138" class="Spatie\Snapshots\Test\Unit\Drivers\JsonDriverTest" classname="Spatie.Snapshots.Test.Unit.Drivers.JsonDriverTest" assertions="4" time="0.000152"/>
        <testcase name="it_can_match_json_strings with data set #2" file="/Users/freek/dev/code/phpunit-snapshot-assertions/tests/Unit/Drivers/JsonDriverTest.php" line="138" class="Spatie\Snapshots\Test\Unit\Drivers\JsonDriverTest" classname="Spatie.Snapshots.Test.Unit.Drivers.JsonDriverTest" assertions="4" time="0.000063"/>
        <testcase name="it_can_match_json_strings with data set #3" file="/Users/freek/dev/code/phpunit-snapshot-assertions/tests/Unit/Drivers/JsonDriverTest.php" line="138" class="Spatie\Snapshots\Test\Unit\Drivers\JsonDriverTest" classname="Spatie.Snapshots.Test.Unit.Drivers.JsonDriverTest" assertions="4" time="0.000065"/>
        <testcase name="it_can_match_json_strings with data set #4" file="/Users/freek/dev/code/phpunit-snapshot-assertions/tests/Unit/Drivers/JsonDriverTest.php" line="138" class="Spatie\Snapshots\Test\Unit\Drivers\JsonDriverTest" classname="Spatie.Snapshots.Test.Unit.Drivers.JsonDriverTest" assertions="4" time="0.000052"/>
        <testcase name="it_can_match_json_strings with data set #5" file="/Users/freek/dev/code/phpunit-snapshot-assertions/tests/Unit/Drivers/JsonDriverTest.php" line="138" class="Spatie\Snapshots\Test\Unit\Drivers\JsonDriverTest" classname="Spatie.Snapshots.Test.Unit.Drivers.JsonDriverTest" assertions="4" time="0.000048"/>
        <testcase name="it_can_match_json_strings with data set #6" file="/Users/freek/dev/code/phpunit-snapshot-assertions/tests/Unit/Drivers/JsonDriverTest.php" line="138" class="Spatie\Snapshots\Test\Unit\Drivers\JsonDriverTest" classname="Spatie.Snapshots.Test.Unit.Drivers.JsonDriverTest" assertions="4" time="0.000049"/>
        <testcase name="it_can_match_json_strings with data set #7" file="/Users/freek/dev/code/phpunit-snapshot-assertions/tests/Unit/Drivers/JsonDriverTest.php" line="138" class="Spatie\Snapshots\Test\Unit\Drivers\JsonDriverTest" classname="Spatie.Snapshots.Test.Unit.Drivers.JsonDriverTest" assertions="4" time="0.000050"/>
        <testcase name="it_can_match_json_strings with data set #8" file="/Users/freek/dev/code/phpunit-snapshot-assertions/tests/Unit/Drivers/JsonDriverTest.php" line="138" class="Spatie\Snapshots\Test\Unit\Drivers\JsonDriverTest" classname="Spatie.Snapshots.Test.Unit.Drivers.JsonDriverTest" assertions="4" time="0.000050"/>
      </testsuite>
    </testsuite>
    <testsuite name="Spatie\Snapshots\Test\Unit\Drivers\ObjectDriverTest" file="/Users/freek/dev/code/phpunit-snapshot-assertions/tests/Unit/Drivers/ObjectDriverTest.php" tests="7" assertions="7" errors="0" failures="0" skipped="0" time="0.001216">
      <testcase name="it_can_serialize_a_string" file="/Users/freek/dev/code/phpunit-snapshot-assertions/tests/Unit/Drivers/ObjectDriverTest.php" line="11" class="Spatie\Snapshots\Test\Unit\Drivers\ObjectDriverTest" classname="Spatie.Snapshots.Test.Unit.Drivers.ObjectDriverTest" assertions="1" time="0.000109"/>
      <testcase name="it_can_serialize_an_integer" file="/Users/freek/dev/code/phpunit-snapshot-assertions/tests/Unit/Drivers/ObjectDriverTest.php" line="19" class="Spatie\Snapshots\Test\Unit\Drivers\ObjectDriverTest" classname="Spatie.Snapshots.Test.Unit.Drivers.ObjectDriverTest" assertions="1" time="0.000056"/>
      <testcase name="it_can_serialize_a_float" file="/Users/freek/dev/code/phpunit-snapshot-assertions/tests/Unit/Drivers/ObjectDriverTest.php" line="27" class="Spatie\Snapshots\Test\Unit\Drivers\ObjectDriverTest" classname="Spatie.Snapshots.Test.Unit.Drivers.ObjectDriverTest" assertions="1" time="0.000082"/>
      <testcase name="it_can_serialize_an_associative_array" file="/Users/freek/dev/code/phpunit-snapshot-assertions/tests/Unit/Drivers/ObjectDriverTest.php" line="35" class="Spatie\Snapshots\Test\Unit\Drivers\ObjectDriverTest" classname="Spatie.Snapshots.Test.Unit.Drivers.ObjectDriverTest" assertions="1" time="0.000071"/>
      <testcase name="it_can_serialize_an_indexed_array_without_keys" file="/Users/freek/dev/code/phpunit-snapshot-assertions/tests/Unit/Drivers/ObjectDriverTest.php" line="49" class="Spatie\Snapshots\Test\Unit\Drivers\ObjectDriverTest" classname="Spatie.Snapshots.Test.Unit.Drivers.ObjectDriverTest" assertions="1" time="0.000068"/>
      <testcase name="it_can_serialize_a_simple_object" file="/Users/freek/dev/code/phpunit-snapshot-assertions/tests/Unit/Drivers/ObjectDriverTest.php" line="63" class="Spatie\Snapshots\Test\Unit\Drivers\ObjectDriverTest" classname="Spatie.Snapshots.Test.Unit.Drivers.ObjectDriverTest" assertions="1" time="0.000097"/>
      <testcase name="it_can_serialize_a_class_instance" file="/Users/freek/dev/code/phpunit-snapshot-assertions/tests/Unit/Drivers/ObjectDriverTest.php" line="76" class="Spatie\Snapshots\Test\Unit\Drivers\ObjectDriverTest" classname="Spatie.Snapshots.Test.Unit.Drivers.ObjectDriverTest" assertions="1" time="0.000733"/>
    </testsuite>
    <testsuite name="Spatie\Snapshots\Test\Unit\Drivers\TextDriverTest" file="/Users/freek/dev/code/phpunit-snapshot-assertions/tests/Unit/Drivers/TextDriverTest.php" tests="2" assertions="2" errors="0" failures="0" skipped="0" time="0.000125">
      <testcase name="it_can_serialize_laravel_route_list" file="/Users/freek/dev/code/phpunit-snapshot-assertions/tests/Unit/Drivers/TextDriverTest.php" line="11" class="Spatie\Snapshots\Test\Unit\Drivers\TextDriverTest" classname="Spatie.Snapshots.Test.Unit.Drivers.TextDriverTest" assertions="1" time="0.000073"/>
      <testcase name="it_can_serialize_when_given_OS_dependant_line_endings" file="/Users/freek/dev/code/phpunit-snapshot-assertions/tests/Unit/Drivers/TextDriverTest.php" line="31" class="Spatie\Snapshots\Test\Unit\Drivers\TextDriverTest" classname="Spatie.Snapshots.Test.Unit.Drivers.TextDriverTest" assertions="1" time="0.000052"/>
    </testsuite>
    <testsuite name="Spatie\Snapshots\Test\Unit\Drivers\XmlDriverTest" file="/Users/freek/dev/code/phpunit-snapshot-assertions/tests/Unit/Drivers/XmlDriverTest.php" tests="2" assertions="2" errors="0" failures="0" skipped="0" time="0.000179">
      <testcase name="it_can_serialize_a_xml_string_to_pretty_xml" file="/Users/freek/dev/code/phpunit-snapshot-assertions/tests/Unit/Drivers/XmlDriverTest.php" line="12" class="Spatie\Snapshots\Test\Unit\Drivers\XmlDriverTest" classname="Spatie.Snapshots.Test.Unit.Drivers.XmlDriverTest" assertions="1" time="0.000107"/>
      <testcase name="it_can_only_serialize_strings" file="/Users/freek/dev/code/phpunit-snapshot-assertions/tests/Unit/Drivers/XmlDriverTest.php" line="28" class="Spatie\Snapshots\Test\Unit\Drivers\XmlDriverTest" classname="Spatie.Snapshots.Test.Unit.Drivers.XmlDriverTest" assertions="1" time="0.000072"/>
    </testsuite>
    <testsuite name="Spatie\Snapshots\Test\Unit\Drivers\YamlDriverTest" file="/Users/freek/dev/code/phpunit-snapshot-assertions/tests/Unit/Drivers/YamlDriverTest.php" tests="2" assertions="2" errors="0" failures="0" skipped="0" time="0.000584">
      <testcase name="it_can_serialize_a_yaml_string" file="/Users/freek/dev/code/phpunit-snapshot-assertions/tests/Unit/Drivers/YamlDriverTest.php" line="11" class="Spatie\Snapshots\Test\Unit\Drivers\YamlDriverTest" classname="Spatie.Snapshots.Test.Unit.Drivers.YamlDriverTest" assertions="1" time="0.000525"/>
      <testcase name="it_can_serialize_a_yaml_array" file="/Users/freek/dev/code/phpunit-snapshot-assertions/tests/Unit/Drivers/YamlDriverTest.php" line="25" class="Spatie\Snapshots\Test\Unit\Drivers\YamlDriverTest" classname="Spatie.Snapshots.Test.Unit.Drivers.YamlDriverTest" assertions="1" time="0.000059"/>
    </testsuite>
    <testsuite name="Spatie\Snapshots\Test\Unit\FilenameTest" file="/Users/freek/dev/code/phpunit-snapshot-assertions/tests/Unit/FilenameTest.php" tests="2" assertions="2" errors="0" failures="0" skipped="0" time="0.000124">
      <testsuite name="Spatie\Snapshots\Test\Unit\FilenameTest::it_creates_a_filename_which_is_valid_on_all_systems" tests="2" assertions="2" errors="0" failures="0" skipped="0" time="0.000124">
        <testcase name="it_creates_a_filename_which_is_valid_on_all_systems with data set #0" file="/Users/freek/dev/code/phpunit-snapshot-assertions/tests/Unit/FilenameTest.php" line="15" class="Spatie\Snapshots\Test\Unit\FilenameTest" classname="Spatie.Snapshots.Test.Unit.FilenameTest" assertions="1" time="0.000069"/>
        <testcase name="it_creates_a_filename_which_is_valid_on_all_systems with data set #1" file="/Users/freek/dev/code/phpunit-snapshot-assertions/tests/Unit/FilenameTest.php" line="15" class="Spatie\Snapshots\Test\Unit\FilenameTest" classname="Spatie.Snapshots.Test.Unit.FilenameTest" assertions="1" time="0.000054"/>
      </testsuite>
    </testsuite>
    <testsuite name="Spatie\Snapshots\Test\Unit\SnapshotTest" file="/Users/freek/dev/code/phpunit-snapshot-assertions/tests/Unit/SnapshotTest.php" tests="3" assertions="5" errors="0" failures="0" skipped="0" time="0.000298">
      <testcase name="it_has_an_id" file="/Users/freek/dev/code/phpunit-snapshot-assertions/tests/Unit/SnapshotTest.php" line="27" class="Spatie\Snapshots\Test\Unit\SnapshotTest" classname="Spatie.Snapshots.Test.Unit.SnapshotTest" assertions="1" time="0.000098"/>
      <testcase name="it_has_a_filename_based_on_its_id_and_its_drivers_extension" file="/Users/freek/dev/code/phpunit-snapshot-assertions/tests/Unit/SnapshotTest.php" line="35" class="Spatie\Snapshots\Test\Unit\SnapshotTest" classname="Spatie.Snapshots.Test.Unit.SnapshotTest" assertions="2" time="0.000087"/>
      <testcase name="it_has_a_filename_which_is_valid_on_all_systems" file="/Users/freek/dev/code/phpunit-snapshot-assertions/tests/Unit/SnapshotTest.php" line="48" class="Spatie\Snapshots\Test\Unit\SnapshotTest" classname="Spatie.Snapshots.Test.Unit.SnapshotTest" assertions="2" time="0.000113"/>
    </testsuite>
  </testsuite>
</testsuites>
